<?xml version="1.0" encoding="UTF-8"?>
<!-- Generated by org.testng.reporters.JUnitReportReporter -->
<testsuite skipped="0" hostname="DESKTOP-425GI1R" name="org.petstore.RestServices" tests="6" failures="0" timestamp="25 Aug 2022 11:32:25 GMT" time="13.587" errors="0">
  <testcase name="addPet" time="1.485" classname="org.petstore.RestServices"/>
  <testcase name="addPet" time="2.409" classname="org.petstore.RestServices"/>
  <testcase name="addPet" time="4.139" classname="org.petstore.RestServices"/>
  <testcase name="retrievePet" time="1.902" classname="org.petstore.RestServices"/>
  <testcase name="updatePet" time="1.727" classname="org.petstore.RestServices"/>
  <testcase name="findByStatus" time="1.925" classname="org.petstore.RestServices"/>
</testsuite> <!-- org.petstore.RestServices -->
